#
# A fatal error has been detected by the Java Runtime Environment:
#
#  EXCEPTION_ACCESS_VIOLATION (0xc0000005) at pc=0x00007ffa32822391, pid=19572, tid=0x000000000000319c
#
# JRE version: OpenJDK Runtime Environment (8.0_212-b04) (build 1.8.0_212-b04)
# Java VM: OpenJDK 64-Bit Server VM (25.212-b04 mixed mode windows-amd64 compressed oops)
# Problematic frame:
# C  [bulletjme.dll+0x82391]
#
# Failed to write core dump. Minidumps are not enabled by default on client versions of Windows
#
# If you would like to submit a bug report, please visit:
#   
# The crash happened outside the Java Virtual Machine in native code.
# See problematic frame for where to report the bug.
#

---------------  T H R E A D  ---------------

Current thread (0x00000261a3bb1000):  JavaThread "jME3 Main" [_thread_in_native, id=12700, stack(0x0000007d09000000,0x0000007d09100000)]

siginfo: ExceptionCode=0xc0000005, writing address 0x0000000000000000

Registers:
RAX=0x000000000000fffc, RBX=0x00000261a472b978, RCX=0x0000000000000000, RDX=0x0000000000000000
RSP=0x0000007d090fe9b0, RBP=0x0000007d090fed90, RSI=0x0000000000000138, RDI=0x0000007d090feb90
R8 =0x0000007d090fe994, R9 =0x0000007d090fe990, R10=0x0000000000000000, R11=0x0000007d090feb00
R12=0x0000000000000000, R13=0x00000261a472b978, R14=0x0000007d090fedd0, R15=0x00000261a3bb1000
RIP=0x00007ffa32822391, EFLAGS=0x0000000000010206

Top of Stack: (sp=0x0000007d090fe9b0)
0x0000007d090fe9b0:   0000007d090fe9e0 0000007d090fe9f0
0x0000007d090fe9c0:   00000261ae5545c0 000000003f800300
0x0000007d090fe9d0:   00000261ae5545c0 00000000bf800000
0x0000007d090fe9e0:   477ffd00477ffd00 00000000477ffd00
0x0000007d090fe9f0:   408000c0408000c0 00000000408000c0
0x0000007d090fea00:   3f8000003f800000 00007ffa328f78a7
0x0000007d090fea10:   00000261ae554590 0000000000000000
0x0000007d090fea20:   00000261ae5545b0 0000000000000000
0x0000007d090fea30:   3f8003003f800300 00007ffa328f15a9
0x0000007d090fea40:   00000261ae554590 0000000000000000
0x0000007d090fea50:   00000261ae5545b0 0000000000000000
0x0000007d090fea60:   00000000477ffd00 00000000477ffd00
0x0000007d090fea70:   00000000408000c0 0000000000000000
0x0000007d090fea80:   00000000ae554640 00000000bf800000
0x0000007d090fea90:   467ffb80467ffb80 00007ffa32821ee3
0x0000007d090feaa0:   0000007d090feb50 00000000477ffd00 

Instructions: (pc=0x00007ffa32822391)
0x00007ffa32822371:   e8 7a 08 fa ff f3 48 0f 2c 00 0f b7 c0 25 fe ff
0x00007ffa32822381:   00 00 b9 02 00 00 00 48 6b c9 00 48 8b 54 24 68
0x00007ffa32822391:   66 89 04 0a 48 8d 4c 24 30 e8 71 d3 fa ff f3 48
0x00007ffa328223a1:   0f 2c 00 0f b7 c0 25 fe ff 00 00 b9 02 00 00 00 


Register to memory mapping:

RAX=0x000000000000fffc is an unknown value
RBX={method} {0x00000261a472b980} 'createShape' '(ZZJ)J' in 'com/jme3/bullet/collision/shapes/MeshCollisionShape'
RCX=0x0000000000000000 is an unknown value
RDX=0x0000000000000000 is an unknown value
RSP=0x0000007d090fe9b0 is pointing into the stack for thread: 0x00000261a3bb1000
RBP=0x0000007d090fed90 is pointing into the stack for thread: 0x00000261a3bb1000
RSI=0x0000000000000138 is an unknown value
RDI=0x0000007d090feb90 is pointing into the stack for thread: 0x00000261a3bb1000
R8 =0x0000007d090fe994 is pointing into the stack for thread: 0x00000261a3bb1000
R9 =0x0000007d090fe990 is pointing into the stack for thread: 0x00000261a3bb1000
R10=0x0000000000000000 is an unknown value
R11=0x0000007d090feb00 is pointing into the stack for thread: 0x00000261a3bb1000
R12=0x0000000000000000 is an unknown value
R13={method} {0x00000261a472b980} 'createShape' '(ZZJ)J' in 'com/jme3/bullet/collision/shapes/MeshCollisionShape'
R14=0x0000007d090fedd0 is pointing into the stack for thread: 0x00000261a3bb1000
R15=0x00000261a3bb1000 is a thread


Stack: [0x0000007d09000000,0x0000007d09100000],  sp=0x0000007d090fe9b0,  free space=1018k
Native frames: (J=compiled Java code, j=interpreted, Vv=VM code, C=native code)
C  [bulletjme.dll+0x82391]
C  [bulletjme.dll+0x1578a7]
C  [bulletjme.dll+0x1515a9]
C  [bulletjme.dll+0x80ba7]
C  [bulletjme.dll+0x124810]
C  [bulletjme.dll+0x124245]
C  [bulletjme.dll+0x27727]
C  0x000002618da49c6e

Java frames: (J=compiled Java code, j=interpreted, Vv=VM code)
j  com.jme3.bullet.collision.shapes.MeshCollisionShape.createShape(ZZJ)J+0
j  com.jme3.bullet.collision.shapes.MeshCollisionShape.createShape([B)V+82
j  com.jme3.bullet.collision.shapes.MeshCollisionShape.createCollisionMesh(Lcom/jme3/scene/Mesh;)V+166
j  com.jme3.bullet.collision.shapes.MeshCollisionShape.<init>(Lcom/jme3/scene/Mesh;Z)V+21
j  com.jme3.bullet.collision.shapes.MeshCollisionShape.<init>(Lcom/jme3/scene/Mesh;)V+3
j  com.jme3.bullet.util.CollisionShapeFactory.createSingleMeshShape(Lcom/jme3/scene/Geometry;Lcom/jme3/scene/Spatial;)Lcom/jme3/bullet/collision/shapes/MeshCollisionShape;+30
j  com.jme3.bullet.util.CollisionShapeFactory.createCompoundShape(Lcom/jme3/scene/Node;Lcom/jme3/scene/Node;Lcom/jme3/bullet/collision/shapes/CompoundCollisionShape;ZZ)Lcom/jme3/bullet/collision/shapes/CompoundCollisionShape;+297
j  com.jme3.bullet.util.CollisionShapeFactory.createCompoundShape(Lcom/jme3/scene/Node;Lcom/jme3/bullet/collision/shapes/CompoundCollisionShape;Z)Lcom/jme3/bullet/collision/shapes/CompoundCollisionShape;+5
j  com.jme3.bullet.util.CollisionShapeFactory.createMeshCompoundShape(Lcom/jme3/scene/Node;)Lcom/jme3/bullet/collision/shapes/CompoundCollisionShape;+9
j  com.jme3.bullet.util.CollisionShapeFactory.createMeshShape(Lcom/jme3/scene/Spatial;)Lcom/jme3/bullet/collision/shapes/CollisionShape;+83
j  com.jme3.bullet.control.RigidBodyControl.createCollisionShape()V+132
j  com.jme3.bullet.control.RigidBodyControl.setSpatial(Lcom/jme3/scene/Spatial;)V+23
j  com.jme3.scene.Spatial.addControl(Lcom/jme3/scene/control/Control;)V+16
j  mygame.Main.simpleInitApp()V+46
j  com.jme3.app.SimpleApplication.initialize()V+282
j  com.jme3.system.lwjgl.LwjglAbstractDisplay.initInThread()Z+90
j  com.jme3.system.lwjgl.LwjglAbstractDisplay.run()V+36
j  java.lang.Thread.run()V+11
v  ~StubRoutines::call_stub

---------------  P R O C E S S  ---------------

Java Threads: ( => current thread )
  0x00000261ae560000 JavaThread "jME3 Audio Decoder" daemon [_thread_blocked, id=17280, stack(0x0000007d09600000,0x0000007d09700000)]
  0x000002618bfbb800 JavaThread "DestroyJavaVM" [_thread_blocked, id=20080, stack(0x0000007d07b00000,0x0000007d07c00000)]
=>0x00000261a3bb1000 JavaThread "jME3 Main" [_thread_in_native, id=12700, stack(0x0000007d09000000,0x0000007d09100000)]
  0x00000261a3af4800 JavaThread "TimerQueue" daemon [_thread_blocked, id=19844, stack(0x0000007d08f00000,0x0000007d09000000)]
  0x00000261a38dc800 JavaThread "Image Fetcher 0" daemon [_thread_blocked, id=20348, stack(0x0000007d08e00000,0x0000007d08f00000)]
  0x00000261a36bb800 JavaThread "AWT-EventQueue-0" [_thread_blocked, id=10896, stack(0x0000007d08d00000,0x0000007d08e00000)]
  0x00000261a3691000 JavaThread "AWT-Windows" daemon [_thread_in_native, id=14716, stack(0x0000007d08c00000,0x0000007d08d00000)]
  0x00000261a385e000 JavaThread "AWT-Shutdown" [_thread_blocked, id=5020, stack(0x0000007d08b00000,0x0000007d08c00000)]
  0x00000261a385d800 JavaThread "Java2D Disposer" daemon [_thread_blocked, id=20092, stack(0x0000007d08a00000,0x0000007d08b00000)]
  0x00000261a278d800 JavaThread "Service Thread" daemon [_thread_blocked, id=19872, stack(0x0000007d08800000,0x0000007d08900000)]
  0x00000261a271f800 JavaThread "C1 CompilerThread2" daemon [_thread_blocked, id=14624, stack(0x0000007d08700000,0x0000007d08800000)]
  0x00000261a2714000 JavaThread "C2 CompilerThread1" daemon [_thread_blocked, id=12968, stack(0x0000007d08600000,0x0000007d08700000)]
  0x00000261a270c800 JavaThread "C2 CompilerThread0" daemon [_thread_blocked, id=20252, stack(0x0000007d08500000,0x0000007d08600000)]
  0x00000261a270b000 JavaThread "Attach Listener" daemon [_thread_blocked, id=15176, stack(0x0000007d08400000,0x0000007d08500000)]
  0x00000261a2709800 JavaThread "Signal Dispatcher" daemon [_thread_blocked, id=10764, stack(0x0000007d08300000,0x0000007d08400000)]
  0x000002618c24c000 JavaThread "Finalizer" daemon [_thread_blocked, id=10468, stack(0x0000007d08200000,0x0000007d08300000)]
  0x00000261a26e6000 JavaThread "Reference Handler" daemon [_thread_blocked, id=20280, stack(0x0000007d08100000,0x0000007d08200000)]

Other Threads:
  0x00000261a26c1800 VMThread [stack: 0x0000007d08000000,0x0000007d08100000] [id=20296]
  0x00000261a2791000 WatcherThread [stack: 0x0000007d08900000,0x0000007d08a00000] [id=6648]

VM state:not at safepoint (normal execution)

VM Mutex/Monitor currently owned by a thread: None

heap address: 0x0000000081c00000, size: 2020 MB, Compressed Oops mode: 32-bit
Narrow klass base: 0x0000000000000000, Narrow klass shift: 3
Compressed class space size: 1073741824 Address: 0x0000000100000000

Heap:
 PSYoungGen      total 38400K, used 18672K [0x00000000d5f00000, 0x00000000d8980000, 0x0000000100000000)
  eden space 33280K, 56% used [0x00000000d5f00000,0x00000000d713c0d0,0x00000000d7f80000)
  from space 5120K, 0% used [0x00000000d8480000,0x00000000d8480000,0x00000000d8980000)
  to   space 5120K, 0% used [0x00000000d7f80000,0x00000000d7f80000,0x00000000d8480000)
 ParOldGen       total 87552K, used 4996K [0x0000000081c00000, 0x0000000087180000, 0x00000000d5f00000)
  object space 87552K, 5% used [0x0000000081c00000,0x00000000820e1028,0x0000000087180000)
 Metaspace       used 18015K, capacity 18231K, committed 18560K, reserved 1064960K
  class space    used 2060K, capacity 2147K, committed 2176K, reserved 1048576K

Card table byte_map: [0x000002619cdf0000,0x000002619d1f0000] byte_map_base: 0x000002619c9e2000

Marking Bits: (ParMarkBitMap*) 0x0000000065ee1f50
 Begin Bits: [0x000002619d4a0000, 0x000002619f430000)
 End Bits:   [0x000002619f430000, 0x00000261a13c0000)

Polling page: 0x000002618bf20000

CodeCache: size=245760Kb used=4508Kb max_used=4516Kb free=241251Kb
 bounds [0x000002618da30000, 0x000002618dea0000, 0x000002619ca30000]
 total_blobs=1947 nmethods=1315 adapters=545
 compilation: enabled

Compilation events (10 events):
Event: 2.311 Thread 0x00000261a271f800 nmethod 1311 0x000002618de97b50 code [0x000002618de97cc0, 0x000002618de97ef0]
Event: 2.311 Thread 0x00000261a271f800 1312       3       java.nio.DirectShortBufferU::get (16 bytes)
Event: 2.311 Thread 0x00000261a271f800 nmethod 1312 0x000002618de97fd0 code [0x000002618de98140, 0x000002618de983b8]
Event: 2.311 Thread 0x00000261a2714000 nmethod 1313 0x000002618de9b150 code [0x000002618de9b280, 0x000002618de9b318]
Event: 2.312 Thread 0x00000261a271f800 1314       3       java.nio.DirectByteBuffer::putInt (17 bytes)
Event: 2.312 Thread 0x00000261a271f800 nmethod 1314 0x000002618de9ac10 code [0x000002618de9ad80, 0x000002618de9b060]
Event: 2.312 Thread 0x00000261a271f800 1315       3       java.nio.DirectByteBuffer::putInt (47 bytes)
Event: 2.312 Thread 0x00000261a271f800 nmethod 1315 0x000002618de9a6d0 code [0x000002618de9a840, 0x000002618de9aaf8]
Event: 2.312 Thread 0x00000261a271f800 1316       3       com.jme3.math.Vector3f::set (26 bytes)
Event: 2.312 Thread 0x00000261a271f800 nmethod 1316 0x000002618de9a350 code [0x000002618de9a4a0, 0x000002618de9a618]

GC Heap History (8 events):
Event: 1.662 GC heap before
{Heap before GC invocations=1 (full 0):
 PSYoungGen      total 38400K, used 13593K [0x00000000d5f00000, 0x00000000d8980000, 0x0000000100000000)
  eden space 33280K, 40% used [0x00000000d5f00000,0x00000000d6c46498,0x00000000d7f80000)
  from space 5120K, 0% used [0x00000000d8480000,0x00000000d8480000,0x00000000d8980000)
  to   space 5120K, 0% used [0x00000000d7f80000,0x00000000d7f80000,0x00000000d8480000)
 ParOldGen       total 87552K, used 0K [0x0000000081c00000, 0x0000000087180000, 0x00000000d5f00000)
  object space 87552K, 0% used [0x0000000081c00000,0x0000000081c00000,0x0000000087180000)
 Metaspace       used 13081K, capacity 13222K, committed 13568K, reserved 1060864K
  class space    used 1659K, capacity 1718K, committed 1792K, reserved 1048576K
Event: 1.667 GC heap after
Heap after GC invocations=1 (full 0):
 PSYoungGen      total 38400K, used 5118K [0x00000000d5f00000, 0x00000000d8980000, 0x0000000100000000)
  eden space 33280K, 0% used [0x00000000d5f00000,0x00000000d5f00000,0x00000000d7f80000)
  from space 5120K, 99% used [0x00000000d7f80000,0x00000000d847fa28,0x00000000d8480000)
  to   space 5120K, 0% used [0x00000000d8480000,0x00000000d8480000,0x00000000d8980000)
 ParOldGen       total 87552K, used 55K [0x0000000081c00000, 0x0000000087180000, 0x00000000d5f00000)
  object space 87552K, 0% used [0x0000000081c00000,0x0000000081c0dcb8,0x0000000087180000)
 Metaspace       used 13081K, capacity 13222K, committed 13568K, reserved 1060864K
  class space    used 1659K, capacity 1718K, committed 1792K, reserved 1048576K
}
Event: 1.667 GC heap before
{Heap before GC invocations=2 (full 1):
 PSYoungGen      total 38400K, used 5118K [0x00000000d5f00000, 0x00000000d8980000, 0x0000000100000000)
  eden space 33280K, 0% used [0x00000000d5f00000,0x00000000d5f00000,0x00000000d7f80000)
  from space 5120K, 99% used [0x00000000d7f80000,0x00000000d847fa28,0x00000000d8480000)
  to   space 5120K, 0% used [0x00000000d8480000,0x00000000d8480000,0x00000000d8980000)
 ParOldGen       total 87552K, used 55K [0x0000000081c00000, 0x0000000087180000, 0x00000000d5f00000)
  object space 87552K, 0% used [0x0000000081c00000,0x0000000081c0dcb8,0x0000000087180000)
 Metaspace       used 13081K, capacity 13222K, committed 13568K, reserved 1060864K
  class space    used 1659K, capacity 1718K, committed 1792K, reserved 1048576K
Event: 1.684 GC heap after
Heap after GC invocations=2 (full 1):
 PSYoungGen      total 38400K, used 0K [0x00000000d5f00000, 0x00000000d8980000, 0x0000000100000000)
  eden space 33280K, 0% used [0x00000000d5f00000,0x00000000d5f00000,0x00000000d7f80000)
  from space 5120K, 0% used [0x00000000d7f80000,0x00000000d7f80000,0x00000000d8480000)
  to   space 5120K, 0% used [0x00000000d8480000,0x00000000d8480000,0x00000000d8980000)
 ParOldGen       total 87552K, used 4996K [0x0000000081c00000, 0x0000000087180000, 0x00000000d5f00000)
  object space 87552K, 5% used [0x0000000081c00000,0x00000000820e1028,0x0000000087180000)
 Metaspace       used 13081K, capacity 13222K, committed 13568K, reserved 1060864K
  class space    used 1659K, capacity 1718K, committed 1792K, reserved 1048576K
}
Event: 1.684 GC heap before
{Heap before GC invocations=3 (full 1):
 PSYoungGen      total 38400K, used 0K [0x00000000d5f00000, 0x00000000d8980000, 0x0000000100000000)
  eden space 33280K, 0% used [0x00000000d5f00000,0x00000000d5f00000,0x00000000d7f80000)
  from space 5120K, 0% used [0x00000000d7f80000,0x00000000d7f80000,0x00000000d8480000)
  to   space 5120K, 0% used [0x00000000d8480000,0x00000000d8480000,0x00000000d8980000)
 ParOldGen       total 87552K, used 4996K [0x0000000081c00000, 0x0000000087180000, 0x00000000d5f00000)
  object space 87552K, 5% used [0x0000000081c00000,0x00000000820e1028,0x0000000087180000)
 Metaspace       used 13081K, capacity 13222K, committed 13568K, reserved 1060864K
  class space    used 1659K, capacity 1718K, committed 1792K, reserved 1048576K
Event: 1.685 GC heap after
Heap after GC invocations=3 (full 1):
 PSYoungGen      total 38400K, used 0K [0x00000000d5f00000, 0x00000000d8980000, 0x0000000100000000)
  eden space 33280K, 0% used [0x00000000d5f00000,0x00000000d5f00000,0x00000000d7f80000)
  from space 5120K, 0% used [0x00000000d8480000,0x00000000d8480000,0x00000000d8980000)
  to   space 5120K, 0% used [0x00000000d7f80000,0x00000000d7f80000,0x00000000d8480000)
 ParOldGen       total 87552K, used 4996K [0x0000000081c00000, 0x0000000087180000, 0x00000000d5f00000)
  object space 87552K, 5% used [0x0000000081c00000,0x00000000820e1028,0x0000000087180000)
 Metaspace       used 13081K, capacity 13222K, committed 13568K, reserved 1060864K
  class space    used 1659K, capacity 1718K, committed 1792K, reserved 1048576K
}
Event: 1.685 GC heap before
{Heap before GC invocations=4 (full 2):
 PSYoungGen      total 38400K, used 0K [0x00000000d5f00000, 0x00000000d8980000, 0x0000000100000000)
  eden space 33280K, 0% used [0x00000000d5f00000,0x00000000d5f00000,0x00000000d7f80000)
  from space 5120K, 0% used [0x00000000d8480000,0x00000000d8480000,0x00000000d8980000)
  to   space 5120K, 0% used [0x00000000d7f80000,0x00000000d7f80000,0x00000000d8480000)
 ParOldGen       total 87552K, used 4996K [0x0000000081c00000, 0x0000000087180000, 0x00000000d5f00000)
  object space 87552K, 5% used [0x0000000081c00000,0x00000000820e1028,0x0000000087180000)
 Metaspace       used 13081K, capacity 13222K, committed 13568K, reserved 1060864K
  class space    used 1659K, capacity 1718K, committed 1792K, reserved 1048576K
Event: 1.694 GC heap after
Heap after GC invocations=4 (full 2):
 PSYoungGen      total 38400K, used 0K [0x00000000d5f00000, 0x00000000d8980000, 0x0000000100000000)
  eden space 33280K, 0% used [0x00000000d5f00000,0x00000000d5f00000,0x00000000d7f80000)
  from space 5120K, 0% used [0x00000000d8480000,0x00000000d8480000,0x00000000d8980000)
  to   space 5120K, 0% used [0x00000000d7f80000,0x00000000d7f80000,0x00000000d8480000)
 ParOldGen       total 87552K, used 4996K [0x0000000081c00000, 0x0000000087180000, 0x00000000d5f00000)
  object space 87552K, 5% used [0x0000000081c00000,0x00000000820e1028,0x0000000087180000)
 Metaspace       used 13081K, capacity 13222K, committed 13568K, reserved 1060864K
  class space    used 1659K, capacity 1718K, committed 1792K, reserved 1048576K
}

Deoptimization events (4 events):
Event: 0.617 Thread 0x00000261a36bb800 Uncommon trap: reason=class_check action=maybe_recompile pc=0x000002618dbc20a0 method=java.lang.String.equals(Ljava/lang/Object;)Z @ 8
Event: 0.617 Thread 0x00000261a36bb800 Uncommon trap: reason=class_check action=maybe_recompile pc=0x000002618dbc20a0 method=java.lang.String.equals(Ljava/lang/Object;)Z @ 8
Event: 0.617 Thread 0x00000261a36bb800 Uncommon trap: reason=class_check action=maybe_recompile pc=0x000002618dbc20a0 method=java.lang.String.equals(Ljava/lang/Object;)Z @ 8
Event: 0.619 Thread 0x00000261a36bb800 Uncommon trap: reason=class_check action=maybe_recompile pc=0x000002618dbc20a0 method=java.lang.String.equals(Ljava/lang/Object;)Z @ 8

Classes redefined (0 events):
No events

Internal exceptions (10 events):
Event: 0.198 Thread 0x000002618bfbb800 Exception <a 'java/lang/NoSuchFieldError': method resolution failed> (0x00000000d62de9c0) thrown at [C:\cygwin64\tmp\openjdk-jdk8u-windows-x64-hotspot\workspace\build\src\hotspot\src\share\vm\prims\methodHandles.cpp, line 1167]
Event: 0.228 Thread 0x000002618bfbb800 Exception <a 'java/lang/ClassNotFoundException': sun/dc/DuctusRenderingEngine> (0x00000000d63670b8) thrown at [C:\cygwin64\tmp\openjdk-jdk8u-windows-x64-hotspot\workspace\build\src\hotspot\src\share\vm\classfile\systemDictionary.cpp, line 210]
Event: 0.283 Thread 0x00000261a36bb800 Exception <a 'java/io/FileNotFoundException'> (0x00000000d650bac8) thrown at [C:\cygwin64\tmp\openjdk-jdk8u-windows-x64-hotspot\workspace\build\src\hotspot\src\share\vm\prims\jni.cpp, line 710]
Event: 0.320 Thread 0x00000261a36bb800 Exception <a 'java/lang/NoClassDefFoundError'> (0x00000000d65a73b8) thrown at [C:\cygwin64\tmp\openjdk-jdk8u-windows-x64-hotspot\workspace\build\src\hotspot\src\share\vm\prims\jvm.cpp, line 1506]
Event: 2.113 Thread 0x00000261a3bb1000 Exception <a 'java/security/PrivilegedActionException'> (0x00000000d6a863b8) thrown at [C:\cygwin64\tmp\openjdk-jdk8u-windows-x64-hotspot\workspace\build\src\hotspot\src\share\vm\prims\jvm.cpp, line 1502]
Event: 2.113 Thread 0x00000261a3bb1000 Exception <a 'java/security/PrivilegedActionException'> (0x00000000d6a87f28) thrown at [C:\cygwin64\tmp\openjdk-jdk8u-windows-x64-hotspot\workspace\build\src\hotspot\src\share\vm\prims\jvm.cpp, line 1502]
Event: 2.113 Thread 0x00000261a3bb1000 Exception <a 'java/security/PrivilegedActionException'> (0x00000000d6a89048) thrown at [C:\cygwin64\tmp\openjdk-jdk8u-windows-x64-hotspot\workspace\build\src\hotspot\src\share\vm\prims\jvm.cpp, line 1502]
Event: 2.113 Thread 0x00000261a3bb1000 Exception <a 'java/security/PrivilegedActionException'> (0x00000000d6a8e168) thrown at [C:\cygwin64\tmp\openjdk-jdk8u-windows-x64-hotspot\workspace\build\src\hotspot\src\share\vm\prims\jvm.cpp, line 1502]
Event: 2.113 Thread 0x00000261a3bb1000 Exception <a 'java/security/PrivilegedActionException'> (0x00000000d6a8edc0) thrown at [C:\cygwin64\tmp\openjdk-jdk8u-windows-x64-hotspot\workspace\build\src\hotspot\src\share\vm\prims\jvm.cpp, line 1502]
Event: 2.113 Thread 0x00000261a3bb1000 Exception <a 'java/security/PrivilegedActionException'> (0x00000000d6a8f9e8) thrown at [C:\cygwin64\tmp\openjdk-jdk8u-windows-x64-hotspot\workspace\build\src\hotspot\src\share\vm\prims\jvm.cpp, line 1502]

Events (10 events):
Event: 2.301 loading class com/jme3/terrain/geomipmap/TerrainQuad
Event: 2.301 loading class com/jme3/terrain/geomipmap/TerrainQuad done
Event: 2.302 loading class com/jme3/terrain/Terrain
Event: 2.302 loading class com/jme3/terrain/Terrain done
Event: 2.303 loading class com/jme3/terrain/geomipmap/TerrainPatch
Event: 2.303 loading class com/jme3/terrain/geomipmap/TerrainPatch done
Event: 2.304 loading class com/jme3/scene/mesh/IndexByteBuffer
Event: 2.304 loading class com/jme3/scene/mesh/IndexByteBuffer done
Event: 2.305 loading class com/jme3/bullet/collision/shapes/infos/ChildCollisionShape
Event: 2.305 loading class com/jme3/bullet/collision/shapes/infos/ChildCollisionShape done


Dynamic libraries:
0x00007ff671640000 - 0x00007ff67167a000 	C:\Program Files\jmonkeyplatform\jdk\bin\java.exe
0x00007ffa684c0000 - 0x00007ffa686b0000 	C:\WINDOWS\SYSTEM32\ntdll.dll
0x00007ffa66fa0000 - 0x00007ffa67052000 	C:\WINDOWS\System32\KERNEL32.DLL
0x00007ffa658a0000 - 0x00007ffa65b43000 	C:\WINDOWS\System32\KERNELBASE.dll
0x00007ffa67e30000 - 0x00007ffa67ed3000 	C:\WINDOWS\System32\ADVAPI32.dll
0x00007ffa68180000 - 0x00007ffa6821e000 	C:\WINDOWS\System32\msvcrt.dll
0x00007ffa67060000 - 0x00007ffa670f7000 	C:\WINDOWS\System32\sechost.dll
0x00007ffa67ff0000 - 0x00007ffa68110000 	C:\WINDOWS\System32\RPCRT4.dll
0x00007ffa68280000 - 0x00007ffa68414000 	C:\WINDOWS\System32\USER32.dll
0x00007ffa65cc0000 - 0x00007ffa65ce1000 	C:\WINDOWS\System32\win32u.dll
0x00007ffa67af0000 - 0x00007ffa67b16000 	C:\WINDOWS\System32\GDI32.dll
0x00007ffa656d0000 - 0x00007ffa65864000 	C:\WINDOWS\System32\gdi32full.dll
0x00007ffa664d0000 - 0x00007ffa6656e000 	C:\WINDOWS\System32\msvcp_win.dll
0x00007ffa65bc0000 - 0x00007ffa65cba000 	C:\WINDOWS\System32\ucrtbase.dll
0x00007ffa58e70000 - 0x00007ffa590f5000 	C:\WINDOWS\WinSxS\amd64_microsoft.windows.common-controls_6595b64144ccf1df_6.0.18362.592_none_e6c0b1911312be02\COMCTL32.dll
0x00007ffa66c60000 - 0x00007ffa66f96000 	C:\WINDOWS\System32\combase.dll
0x00007ffa65450000 - 0x00007ffa654d0000 	C:\WINDOWS\System32\bcryptPrimitives.dll
0x00007ffa67100000 - 0x00007ffa6712e000 	C:\WINDOWS\System32\IMM32.DLL
0x00007ffa47c20000 - 0x00007ffa47d0f000 	C:\Program Files\jmonkeyplatform\jdk\jre\bin\msvcr120.dll
0x00007ffa2d880000 - 0x00007ffa2d926000 	C:\Program Files\jmonkeyplatform\jdk\jre\bin\msvcp120.dll
0x0000000065760000 - 0x0000000065f5b000 	C:\Program Files\jmonkeyplatform\jdk\jre\bin\server\jvm.dll
0x00007ffa67ce0000 - 0x00007ffa67ce8000 	C:\WINDOWS\System32\PSAPI.DLL
0x00007ffa60f70000 - 0x00007ffa60f79000 	C:\WINDOWS\SYSTEM32\WSOCK32.dll
0x00007ffa60310000 - 0x00007ffa6031a000 	C:\WINDOWS\SYSTEM32\VERSION.dll
0x00007ffa5c2a0000 - 0x00007ffa5c2c4000 	C:\WINDOWS\SYSTEM32\WINMM.dll
0x00007ffa67d00000 - 0x00007ffa67d6f000 	C:\WINDOWS\System32\WS2_32.dll
0x00007ffa5c060000 - 0x00007ffa5c08d000 	C:\WINDOWS\SYSTEM32\winmmbase.dll
0x00007ffa65b50000 - 0x00007ffa65b9a000 	C:\WINDOWS\System32\cfgmgr32.dll
0x00007ffa4d4a0000 - 0x00007ffa4d4af000 	C:\Program Files\jmonkeyplatform\jdk\jre\bin\verify.dll
0x00007ffa4b600000 - 0x00007ffa4b628000 	C:\Program Files\jmonkeyplatform\jdk\jre\bin\java.dll
0x00007ffa472e0000 - 0x00007ffa472f6000 	C:\Program Files\jmonkeyplatform\jdk\jre\bin\zip.dll
0x00007ffa673e0000 - 0x00007ffa67ac5000 	C:\WINDOWS\System32\SHELL32.dll
0x00007ffa67f40000 - 0x00007ffa67fe9000 	C:\WINDOWS\System32\shcore.dll
0x00007ffa65d50000 - 0x00007ffa664cf000 	C:\WINDOWS\System32\windows.storage.dll
0x00007ffa653a0000 - 0x00007ffa653bf000 	C:\WINDOWS\System32\profapi.dll
0x00007ffa653c0000 - 0x00007ffa6540a000 	C:\WINDOWS\System32\powrprof.dll
0x00007ffa65390000 - 0x00007ffa653a0000 	C:\WINDOWS\System32\UMPDC.dll
0x00007ffa68420000 - 0x00007ffa68472000 	C:\WINDOWS\System32\shlwapi.dll
0x00007ffa65410000 - 0x00007ffa65421000 	C:\WINDOWS\System32\kernel.appcore.dll
0x00007ffa65ba0000 - 0x00007ffa65bb7000 	C:\WINDOWS\System32\cryptsp.dll
0x00007ffa21580000 - 0x00007ffa21715000 	C:\Program Files\jmonkeyplatform\jdk\jre\bin\awt.dll
0x00007ffa671b0000 - 0x00007ffa67274000 	C:\WINDOWS\System32\OLEAUT32.dll
0x00007ffa63460000 - 0x00007ffa634ef000 	C:\WINDOWS\SYSTEM32\apphelp.dll
0x00007ffa63510000 - 0x00007ffa635a9000 	C:\WINDOWS\system32\uxtheme.dll
0x00007ffa67ba0000 - 0x00007ffa67cd5000 	C:\WINDOWS\System32\MSCTF.dll
0x00007ffa67280000 - 0x00007ffa673d6000 	C:\WINDOWS\System32\ole32.dll
0x00007ffa63a40000 - 0x00007ffa63a6d000 	C:\WINDOWS\system32\DWMAPI.DLL
0x00007ffa4b310000 - 0x00007ffa4b466000 	C:\WINDOWS\system32\opengl32.dll
0x00007ffa5af30000 - 0x00007ffa5af5c000 	C:\WINDOWS\SYSTEM32\GLU32.dll
0x00007ffa64000000 - 0x00007ffa64020000 	C:\WINDOWS\SYSTEM32\dxcore.dll
0x00007ffa23700000 - 0x00007ffa23793000 	C:\Program Files\jmonkeyplatform\jdk\jre\bin\freetype.dll
0x00007ffa23640000 - 0x00007ffa236fc000 	C:\Program Files\jmonkeyplatform\jdk\jre\bin\fontmanager.dll
0x00007ffa39370000 - 0x00007ffa3938a000 	C:\Program Files\jmonkeyplatform\jdk\jre\bin\net.dll
0x00007ffa5a970000 - 0x00007ffa5ab46000 	C:\WINDOWS\SYSTEM32\urlmon.dll
0x00007ffa5a590000 - 0x00007ffa5a836000 	C:\WINDOWS\SYSTEM32\iertutil.dll
0x00007ffa64dd0000 - 0x00007ffa64ddc000 	C:\WINDOWS\SYSTEM32\CRYPTBASE.DLL
0x00007ffa64c00000 - 0x00007ffa64c67000 	C:\WINDOWS\system32\mswsock.dll
0x00007ffa386c0000 - 0x00007ffa386d2000 	C:\Program Files\jmonkeyplatform\jdk\jre\bin\nio.dll
0x00007ffa5f410000 - 0x00007ffa5f4ae000 	C:\WINDOWS\System32\TextInputFramework.dll
0x00007ffa495f0000 - 0x00007ffa4991a000 	C:\WINDOWS\System32\CoreUIComponents.dll
0x00007ffa62ec0000 - 0x00007ffa62f94000 	C:\WINDOWS\System32\CoreMessaging.dll
0x00007ffa64500000 - 0x00007ffa64531000 	C:\WINDOWS\SYSTEM32\ntmarta.dll
0x00007ffa61190000 - 0x00007ffa612e3000 	C:\WINDOWS\SYSTEM32\wintypes.dll
0x00007ffa327a0000 - 0x00007ffa32972000 	C:\Users\emile\Documents\jMonkey\Int_Project-master\bulletjme.dll
0x0000000180000000 - 0x0000000180064000 	C:\Users\emile\Documents\jMonkey\Int_Project-master\OpenAL64.dll
0x00000261a4190000 - 0x00000261a41e3000 	C:\Users\emile\Documents\jMonkey\Int_Project-master\lwjgl64.dll
0x00007ffa61060000 - 0x00007ffa6110e000 	C:\WINDOWS\SYSTEM32\mscms.dll
0x00007ffa60f20000 - 0x00007ffa60f37000 	C:\WINDOWS\SYSTEM32\ColorAdapterClient.dll
0x00007ffa65280000 - 0x00007ffa652a5000 	C:\WINDOWS\SYSTEM32\USERENV.dll
0x00007ffa67d80000 - 0x00007ffa67e22000 	C:\WINDOWS\System32\clbcatq.dll
0x00007ffa49350000 - 0x00007ffa4936a000 	C:\Windows\System32\Windows.Internal.Graphics.Display.DisplayColorManagement.dll
0x00007ffa1f520000 - 0x00007ffa203f9000 	C:\WINDOWS\System32\DriverStore\FileRepository\igdlh64.inf_amd64_420c659363620fe7\ig9icd64.dll
0x00007ffa60750000 - 0x00007ffa60763000 	C:\WINDOWS\SYSTEM32\WTSAPI32.dll
0x00007ffa64090000 - 0x00007ffa6417b000 	C:\WINDOWS\SYSTEM32\dxgi.dll
0x00007ffa47310000 - 0x00007ffa47353000 	C:\WINDOWS\SYSTEM32\icm32.dll
0x00007ffa45620000 - 0x00007ffa46c22000 	C:\WINDOWS\System32\DriverStore\FileRepository\igdlh64.inf_amd64_420c659363620fe7\igc64.dll
0x00007ffa5fad0000 - 0x00007ffa5fb42000 	C:\WINDOWS\System32\MMDevApi.dll
0x00007ffa65190000 - 0x00007ffa651ba000 	C:\WINDOWS\System32\DEVOBJ.dll
0x00007ffa31160000 - 0x00007ffa311f9000 	C:\WINDOWS\SYSTEM32\dsound.dll
0x00007ffa5fb50000 - 0x00007ffa5fcad000 	C:\WINDOWS\SYSTEM32\AUDIOSES.DLL
0x00007ffa5e7b0000 - 0x00007ffa5e9a4000 	C:\WINDOWS\SYSTEM32\dbghelp.dll

VM Arguments:
jvm_args: -Dfile.encoding=UTF-8 
java_command: mygame.Main
java_class_path (initial): C:\Program Files\jmonkeyplatform\jmonkeyplatform\libs\jme3-jogg-3.2.4-stable.jar;C:\Program Files\jmonkeyplatform\jmonkeyplatform\libs\j-ogg-all-1.0.0.jar;C:\Program Files\jmonkeyplatform\jmonkeyplatform\libs\jme3-networking-3.2.4-stable.jar;C:\Program Files\jmonkeyplatform\jmonkeyplatform\libs\jme3-plugins-3.2.4-stable.jar;C:\Program Files\jmonkeyplatform\jmonkeyplatform\libs\gson-2.8.1.jar;C:\Program Files\jmonkeyplatform\jmonkeyplatform\libs\jme3-core-3.2.4-stable.jar;C:\Program Files\jmonkeyplatform\jmonkeyplatform\libs\jme3-desktop-3.2.4-stable.jar;C:\Program Files\jmonkeyplatform\jmonkeyplatform\libs\jme3-lwjgl-3.2.4-stable.jar;C:\Program Files\jmonkeyplatform\jmonkeyplatform\libs\lwjgl-2.9.3.jar;C:\Program Files\jmonkeyplatform\jmonkeyplatform\libs\jinput-2.0.5.jar;C:\Program Files\jmonkeyplatform\jmonkeyplatform\libs\jinput-platform-2.0.5-natives-linux.jar;C:\Program Files\jmonkeyplatform\jmonkeyplatform\libs\jinput-platform-2.0.5-natives-windows.jar;C:\Program Files\jmonkeyplatform\jmonkeyplatform\libs\jinput-platform-2.0.5-natives-osx.jar;C:\Program Files\jmonkeyplatform\jmonkeyplatform\libs\jutils-1.0.0.jar;C:\Program Files\jmonkeyplatform\jmonkeyplatform\libs\lwjgl-platform-2.9.3-natives-windows.jar;C:\Program Files\jmonkeyplatform\jmonkeyplatform\libs\lwjgl-platform-2.9.3-natives-linux.jar;C:\Program Files\jmonkeyplatform\jmonkeyplatform\libs\lwjgl-platform-2.9.3-natives-osx.jar;C:\Program Files\jmonkeyplatform\jmonkeyplatform\libs\jme3-effects-3.2.4-stable.jar;C:\Program Files\jmonkeyplatform\jmonkeyplatform\libs\jme3-terrain-3.2.4-stable.jar;C:\Program Files\jmonkeyplatform\jmonkeyplatform\libs\jme3-bullet-3.2.4-stable.jar;C:\Program Files\jmonkeyplatform\jmonkeyplatform\libs\jme3-bullet-native-3.2.4-stable.jar;C:\Users\emile\Documents\jMonkey\Int_Project-master\build\classes;C:\Users\emile\Documents\jMonkey\Int_Project-master\assets
Launcher Type: SUN_STANDARD

Environment Variables:
PATH=C:\Users\emile\Documents\JAVA\jdk-13.0.1\bin;C:\Program Files (x86)\Razer Chroma SDK\bin;C:\Program Files\Razer Chroma SDK\bin;C:\Program Files (x86)\Common Files\Oracle\Java\javapath;C:\Program Files (x86)\Intel\iCLS Client\;C:\Program Files\Intel\iCLS Client\;C:\Windows\system32;C:\Windows;C:\Windows\System32\Wbem;C:\Windows\System32\WindowsPowerShell\v1.0\;C:\Program Files (x86)\Intel\Intel(R) Management Engine Components\DAL;C:\Program Files\Intel\Intel(R) Management Engine Components\DAL;C:\Program Files (x86)\Intel\Intel(R) Management Engine Components\IPT;C:\Program Files\Intel\Intel(R) Management Engine Components\IPT;C:\Program Files (x86)\NVIDIA Corporation\PhysX\Common;C:\Program Files\NVIDIA Corporation\NVIDIA NvDLISR;C:\WINDOWS\system32;C:\WINDOWS;C:\WINDOWS\System32\Wbem;C:\WINDOWS\System32\WindowsPowerShell\v1.0\;C:\WINDOWS\System32\OpenSSH\;C:\Users\emile\AppData\Local\Microsoft\WindowsApps;C:\WINDOWS\system32;C:\WINDOWS;C:\WINDOWS\System32\Wbem;C:\WINDOWS\System32\WindowsPowerShell\v1.0\;C:\WINDOWS\System32\OpenSSH\;C:\Users\emile\AppData\Local\Microsoft\WindowsApps;
USERNAME=emile
OS=Windows_NT
PROCESSOR_IDENTIFIER=Intel64 Family 6 Model 158 Stepping 9, GenuineIntel



---------------  S Y S T E M  ---------------

OS: Windows 10.0 , 64 bit Build 18362 (10.0.18362.329)

CPU:total 4 (initial active 4) (4 cores per cpu, 1 threads per core) family 6 model 158 stepping 9, cmov, cx8, fxsr, mmx, sse, sse2, sse3, ssse3, sse4.1, sse4.2, popcnt, avx, avx2, aes, clmul, erms, 3dnowpref, lzcnt, tsc, tscinvbit, bmi1, bmi2, adx

Memory: 4k page, physical 8269412k(2987628k free), swap 12988004k(6007360k free)

vm_info: OpenJDK 64-Bit Server VM (25.212-b04) for windows-amd64 JRE (1.8.0_212-b04), built on Jun  3 2019 21:11:11 by "jenkins" with MS VC++ 12.0 (VS2013)

time: Thu Feb 06 08:56:48 2020
timezone: Eastern Standard Time
elapsed time: 2 seconds (0d 0h 0m 2s)

